This file contains any messages produced by compilers while
running configure, to aid debugging if configure makes a mistake.

configure:563: checking for a BSD compatible install
configure:616: checking whether build environment is sane
configure:673: checking whether make sets ${MAKE}
configure:719: checking for working aclocal
configure:732: checking for working autoconf
configure:745: checking for working automake
configure:758: checking for working autoheader
configure:771: checking for working makeinfo
configure:785: checking whether to enable maintainer-specific portions of Makefiles
configure:813: checking for strerror in -lcposix
configure:857: checking for gcc
configure:970: checking whether the C compiler (gcc  ) works
configure:986: gcc -o conftest    conftest.c  1>&5
configure:1012: checking whether the C compiler (gcc  ) is a cross-compiler
configure:1017: checking whether we are using GNU C
configure:1045: checking whether gcc accepts -g
configure:1080: checking for gcc option to accept ANSI C
configure:1157: checking how to run the C preprocessor
configure:1237: checking for ANSI C header files
configure:1421: checking what warning flags to pass to the C compiler
configure:1434: checking what language compliance flags to pass to the C compiler
configure:1462: checking for pkg-config
configure:1506: checking for libgnomeui-2.0
configure:1513: checking PACKAGE_CFLAGS
configure:1518: checking PACKAGE_LIBS
configure:1558: checking for ranlib
configure:1586: checking for working const
configure:1661: checking for inline
configure:1701: checking for off_t
configure:1734: checking for size_t
configure:1769: checking for working alloca.h
configure:1802: checking for alloca
configure:2004: checking for stdlib.h
configure:2004: checking for unistd.h
configure:2004: checking for sys/stat.h
configure:2004: checking for sys/types.h
configure:2043: checking for getpagesize
configure:2096: checking for working mmap
configure:2285: checking for argz.h
configure:2285: checking for limits.h
configure:2285: checking for locale.h
configure:2285: checking for nl_types.h
configure:2285: checking for malloc.h
configure:2285: checking for string.h
configure:2285: checking for unistd.h
configure:2285: checking for sys/param.h
configure:2325: checking for getcwd
configure:2325: checking for munmap
configure:2325: checking for putenv
configure:2325: checking for setenv
configure:2325: checking for setlocale
configure:2325: checking for strchr
configure:2325: checking for strcasecmp
configure:2325: checking for strdup
configure:2325: checking for __argz_count
configure:2325: checking for __argz_stringify
configure:2325: checking for __argz_next
configure:2380: checking for LC_MESSAGES
configure:2425: checking for libintl.h
configure:2452: checking for dgettext in libc
configure:2582: checking for msgfmt
configure:2616: checking for dcgettext
configure:2671: checking for gmsgfmt
configure:2707: checking for xgettext
configure:2747: gcc -o conftest -g -O2   conftest.c  1>&5
